Arguments: 
  /home/gegcbr/.nvm/versions/node/v18.17.0/bin/node /mnt/c/Program Files (x86)/Yarn/bin/yarn.js add gra,,y

PATH: 
  /home/gegcbr/.vscode-server/bin/da76f93349a72022ca4670c1b84860304616aaa2/bin/remote-cli:/home/gegcbr/.nvm/versions/node/v18.17.0/bin:/usr/local/sbin:/usr/local/bin:/usr/sbin:/usr/bin:/sbin:/bin:/usr/games:/usr/local/games:/usr/lib/wsl/lib:/mnt/c/Program Files/WinRAR:/mnt/c/Program Files (x86)/Microsoft/Edge/Application:/mnt/c/Windows/system32:/mnt/c/Windows:/mnt/c/Windows/System32/Wbem:/mnt/c/Windows/System32/WindowsPowerShell/v1.0/:/mnt/c/Windows/System32/OpenSSH/:/mnt/c/Program Files (x86)/Common Files/Acronis/SnapAPI/:/mnt/c/Program Files (x86)/Common Files/Acronis/VirtualFile/:/mnt/c/Program Files (x86)/Common Files/Acronis/VirtualFile64/:/mnt/c/Program Files (x86)/Common Files/Acronis/FileProtector/:/mnt/c/Program Files (x86)/Common Files/Acronis/FileProtector64/:/mnt/c/Program Files/Git/cmd:/mnt/c/Program Files/nodejs/:/mnt/c/Program Files/dotnet/:/mnt/c/Users/gegcb/AppData/Local/Microsoft/WindowsApps:/mnt/c/Users/gegcb/AppData/Local/Programs/Microsoft VS Code/bin:/mnt/c/Users/gegcb/AppData/Roaming/npm:/mnt/c/adb:/mnt/c/Program Files (x86)/Yarn/bin/:/mnt/c/Users/gegcb/AppData/Local/Microsoft/WindowsApps:/mnt/c/Users/gegcb/AppData/Local/Programs/Microsoft VS Code/bin:/mnt/c/Users/gegcb/AppData/Roaming/npm:/mnt/c/Users/gegcb/AppData/Local/Yarn/bin:/snap/bin

Yarn version: 
  1.22.19

Node version: 
  18.17.0

Platform: 
  linux x64

Trace: 
  Error: https://registry.yarnpkg.com/gra,,y: Not found
      at params.callback [as _callback] (/mnt/c/Program Files (x86)/Yarn/lib/cli.js:66145:18)
      at self.callback (/mnt/c/Program Files (x86)/Yarn/lib/cli.js:140890:22)
      at Request.emit (node:events:514:28)
      at Request.<anonymous> (/mnt/c/Program Files (x86)/Yarn/lib/cli.js:141862:10)
      at Request.emit (node:events:514:28)
      at IncomingMessage.<anonymous> (/mnt/c/Program Files (x86)/Yarn/lib/cli.js:141784:12)
      at Object.onceWrapper (node:events:628:28)
      at IncomingMessage.emit (node:events:526:35)
      at endReadableNT (node:internal/streams/readable:1359:12)
      at process.processTicksAndRejections (node:internal/process/task_queues:82:21)

npm manifest: 
  No manifest

yarn manifest: 
  No manifest

Lockfile: 
  No lockfile
